<?xml version="1.0" encoding="utf-8" standalone="no"?>
<!--This file represents the results of running a test suite-->
<test-results name="E:\sourcecode\ASP.NET开源\Orchard.Source.1.6\src\Orchard.Tests\bin\Debug\Orchard.Framework.Tests.dll" total="1" errors="0" failures="0" not-run="0" inconclusive="0" ignored="0" skipped="0" invalid="0" date="2014-12-17" time="17:38:38">
  <environment nunit-version="2.6.0.12051" clr-version="4.0.30319.17929" os-version="Microsoft Windows NT 6.1.7600.0" platform="Win32NT" cwd="E:\sourcecode\ASP.NET开源\Orchard.Source.1.6\src\Orchard.Tests\bin\Debug" machine-name="MANDALAJOHN" user="John" user-domain="MandalaJohn" />
  <culture-info current-culture="zh-CN" current-uiculture="zh-CN" />
  <test-suite type="Assembly" name="E:\sourcecode\ASP.NET开源\Orchard.Source.1.6\src\Orchard.Tests\bin\Debug\Orchard.Framework.Tests.dll" executed="True" result="Success" success="True" time="91.316" asserts="0">
    <results>
      <test-suite type="Namespace" name="Orchard" executed="True" result="Success" success="True" time="91.315" asserts="0">
        <results>
          <test-suite type="Namespace" name="Tests" executed="True" result="Success" success="True" time="91.315" asserts="0">
            <results>
              <test-suite type="Namespace" name="Mvc" executed="True" result="Success" success="True" time="91.314" asserts="0">
                <results>
                  <test-suite type="Namespace" name="Routes" executed="True" result="Success" success="True" time="91.314" asserts="0">
                    <results>
                      <test-suite type="TestFixture" name="UrlPrefixTests" executed="True" result="Success" success="True" time="91.314" asserts="0">
                        <results>
                          <test-case name="Orchard.Tests.Mvc.Routes.UrlPrefixTests.RemoveLeadingSegmentsOnlyMatchesFullSegment" executed="True" result="Success" success="True" time="91.313" asserts="3" />
                        </results>
                      </test-suite>
                    </results>
                  </test-suite>
                </results>
              </test-suite>
            </results>
          </test-suite>
        </results>
      </test-suite>
    </results>
  </test-suite>
</test-results>